<?xml version="1.0" encoding="UTF-8"?>
<testng-results skipped="0" failed="0" ignored="0" total="2" passed="2">
  <reporter-output>
  </reporter-output>
  <suite name="Default suite" duration-ms="53" started-at="2022-08-15T15:44:52 IST" finished-at="2022-08-15T15:44:52 IST">
    <groups>
    </groups>
    <test name="Default test" duration-ms="53" started-at="2022-08-15T15:44:52 IST" finished-at="2022-08-15T15:44:52 IST">
      <class name="a.x">
        <test-method status="PASS" signature="atestcase2()[pri:0, instance:a.x@1e965684]" name="atestcase2" duration-ms="18" started-at="2022-08-15T15:44:52 IST" finished-at="2022-08-15T15:44:52 IST">
          <reporter-output>
          </reporter-output>
        </test-method> <!-- atestcase2 -->
        <test-method status="PASS" signature="test1()[pri:0, instance:a.x@1e965684]" name="test1" duration-ms="2" started-at="2022-08-15T15:44:52 IST" finished-at="2022-08-15T15:44:52 IST">
          <reporter-output>
          </reporter-output>
        </test-method> <!-- test1 -->
      </class> <!-- a.x -->
    </test> <!-- Default test -->
  </suite> <!-- Default suite -->
</testng-results>
